[13:29:31] [main/INFO]: Loading Minecraft 1.19.3 with Fabric Loader 0.15.7
[13:29:31] [ForkJoinPool-1-worker-4/WARN]: Mod ctov uses the version 3.2.6c which isn't compatible with Loader's extended semantic version format (Could not parse version number component '6c'!), SemVer is recommended for reliably evaluating dependencies and prioritizing newer version
[13:29:31] [main/WARN]: Warnings were found!
 - Mod 'Simply Swords' (simplyswords) 1.43.1-1.19.3 recommends version 1.3.2 or later of bettercombat, which is missing!
	 - You should install version 1.3.2 or later of bettercombat for the optimal experience.
 - Mod 'Simply Swords' (simplyswords) 1.43.1-1.19.3 recommends version 1.19.2-77-FABRIC or later of patchouli, which is missing!
	 - You should install version 1.19.2-77-FABRIC or later of patchouli for the optimal experience.
[13:29:31] [main/INFO]: Loading 75 mods:
	- appleskin 2.4.2+mc1.19.3
	   \-- cloth-config 9.0.94
	        \-- cloth-basic-math 0.6.1
	- architectury 7.1.86
	- bclib 2.2.5
	- betterend 3.1.4
	- betternether 8.1.4
	- clumps 9.0.0+16
	- cosmetic-armor 1.5.0
	- ctov 3.2.6c
	- explorify-fabric 1.19-1.3.0
	- fabric-api 0.76.1+1.19.3
	   |-- fabric-api-base 0.4.21+70be179c85
	   |-- fabric-api-lookup-api-v1 1.6.20+49abcf7e85
	   |-- fabric-biome-api-v1 12.1.2+f1c68e5885
	   |-- fabric-block-api-v1 1.0.5+e022e5d185
	   |-- fabric-blockrenderlayer-v1 1.1.31+928d44d585
	   |-- fabric-client-tags-api-v1 1.0.12+1134c5b885
	   |-- fabric-command-api-v1 1.2.23+f71b366f85
	   |-- fabric-command-api-v2 2.2.2+2961b4a085
	   |-- fabric-commands-v0 0.2.40+df3654b385
	   |-- fabric-containers-v0 0.1.47+df3654b385
	   |-- fabric-content-registries-v0 3.5.3+1d37d50285
	   |-- fabric-convention-tags-v1 1.3.0+521b5c5285
	   |-- fabric-crash-report-info-v1 0.2.14+aeb40ebe85
	   |-- fabric-data-generation-api-v1 11.3.3+40dc7a9485
	   |-- fabric-dimensions-v1 2.1.42+00a2eb1085
	   |-- fabric-entity-events-v1 1.5.7+b83334a085
	   |-- fabric-events-interaction-v0 0.4.40+3baeb27a85
	   |-- fabric-events-lifecycle-v0 0.2.45+df3654b385
	   |-- fabric-game-rule-api-v1 1.0.30+99f9db8085
	   |-- fabric-item-api-v1 2.1.11+71b8257385
	   |-- fabric-item-group-api-v1 2.1.14+b5470ac785
	   |-- fabric-key-binding-api-v1 1.0.31+bc01e09785
	   |-- fabric-keybindings-v0 0.2.29+df3654b385
	   |-- fabric-lifecycle-events-v1 2.2.10+23a79c8a85
	   |-- fabric-loot-api-v2 1.1.22+75e9821185
	   |-- fabric-loot-tables-v1 1.1.26+9e7660c685
	   |-- fabric-message-api-v1 5.1.0+c85585f885
	   |-- fabric-mining-level-api-v1 2.1.33+49abcf7e85
	   |-- fabric-models-v0 0.3.27+11ba9c3b85
	   |-- fabric-networking-api-v1 1.2.17+4017a8cb85
	   |-- fabric-networking-v0 0.3.34+df3654b385
	   |-- fabric-object-builder-api-v1 5.4.3+eb2a3ba985
	   |-- fabric-particles-v1 1.0.20+f1e4495b85
	   |-- fabric-recipe-api-v1 1.0.1+5176f73d85
	   |-- fabric-registry-sync-v0 2.1.0+f7b4d36485
	   |-- fabric-renderer-api-v1 2.2.2+3a95925a85
	   |-- fabric-renderer-indigo 0.8.0+3a95925a85
	   |-- fabric-renderer-registries-v1 3.2.31+df3654b385
	   |-- fabric-rendering-data-attachment-v1 0.3.25+afca2f3e85
	   |-- fabric-rendering-fluids-v1 3.0.18+f1e4495b85
	   |-- fabric-rendering-v0 1.1.34+df3654b385
	   |-- fabric-rendering-v1 1.13.0+ad17775585
	   |-- fabric-resource-conditions-api-v1 2.3.0+e63306e085
	   |-- fabric-resource-loader-v0 0.11.1+b93ffe4d85
	   |-- fabric-screen-api-v1 1.0.41+f1e4495b85
	   |-- fabric-screen-handler-api-v1 1.3.13+99f9db8085
	   |-- fabric-sound-api-v1 1.0.8+75e9821185
	   |-- fabric-transfer-api-v1 2.1.15+ccd377ba85
	   \-- fabric-transitive-access-wideners-v1 2.3.1+40dc7a9485
	- fabricloader 0.15.7
	   \-- mixinextras 0.3.5
	- handcrafted 2.1.1
	- immersive_armors 1.5.6+1.19.3
	- immersive_paintings 0.6.3+1.19.3
	- incapacitated 1.3-1.19.2
	- java 21
	- jei 12.4.0.22
	- mcwbridges 2.1.0
	- minecraft 1.19.3
	- plasmovoice 2.0.8
	   |-- aopalliance_aopalliance 1.0
	   |-- com_google_inject_guice 5.0.1
	   |-- fabric-permissions-api-v0 0.2-SNAPSHOT
	   \-- javax_inject_javax_inject 1
	- resourcefullib 1.2.7
	   \-- com_teamresourceful_yabn 1.0.2
	- sculk_worm 1.0.6
	- simplyswords 1.43.1-1.19.3
	- structory 1.0.1
	- terralith 2.3.12
	- trinkets 3.5.1
	   |-- cardinal-components-base 5.1.0
	   \-- cardinal-components-entity 5.1.0
	- xp_storage 1.5.1+1.19.3
	   |-- cardinal-components-base 5.1.0
	   |-- cardinal-components-entity 5.1.0
	   |-- cardinal-components-item 5.1.0
	   \-- cloth-config 9.0.94
	        \-- cloth-basic-math 0.6.1
[13:29:31] [main/INFO]: SpongePowered MIXIN Subsystem Version=0.8.5 Source=file:/workspaces/codespaces-jupyter/Minecraft-server/libraries/net/fabricmc/sponge-mixin/0.12.5+mixin.0.8.5/sponge-mixin-0.12.5+mixin.0.8.5.jar Service=Knot/Fabric Env=SERVER
[13:29:31] [main/INFO]: Compatibility level set to JAVA_17
[13:29:32] [main/WARN]: Reference map 'immersive_paintings-common-refmap.json' for immersive_paintings.mixin.json could not be read. If this is a development environment you can ignore this message
[13:29:32] [main/WARN]: Reference map 'simplyswords-common-refmap.json' for simplyswords-common.mixins.json could not be read. If this is a development environment you can ignore this message
[13:29:32] [main/WARN]: Error loading class: nourl/mythicmetals/abilities/Abilities (java.lang.ClassNotFoundException: nourl/mythicmetals/abilities/Abilities)
[13:29:32] [main/WARN]: @Mixin target nourl.mythicmetals.abilities.Abilities was not found simplyswords.mixins.json:MythicMetalsAbilityMixin from mod simplyswords
[13:29:32] [main/WARN]: Error loading class: nourl/mythicmetals/MythicMetals (java.lang.ClassNotFoundException: nourl/mythicmetals/MythicMetals)
[13:29:32] [main/WARN]: @Mixin target nourl.mythicmetals.MythicMetals was not found simplyswords.mixins.json:MythicMetalsInitMixin from mod simplyswords
[13:29:32] [main/INFO]: Initializing MixinExtras via com.llamalad7.mixinextras.service.MixinExtrasServiceImpl(version=0.3.5).
[13:29:37] [main/INFO]: Building unoptimized datafixer
[13:29:39] [main/INFO]: [bclib] Added Config betternether.main to auto sync (file hash)
[13:29:39] [main/INFO]: [bclib] Added Config betternether.generator to auto sync (file hash)
[13:29:39] [main/INFO]: [bclib] Added Config betternether.blocks to auto sync (file hash)
[13:29:39] [main/INFO]: [bclib] Added Config betternether.items to auto sync (file hash)
[13:29:39] [main/INFO]: [bclib] Added Config betternether.biomes to auto sync (file hash)
[13:29:39] [main/INFO]: [bclib] Added Config betternether.mobs to auto sync (file hash)
[13:29:39] [main/INFO]: [bclib] Added Config betternether.recipes to auto sync (file hash)
[13:29:39] [main/INFO]: [bclib] Added Config bclib.generator to auto sync (file hash)
[13:29:39] [main/INFO]: [bclib] Added Config bclib.main to auto sync (content diff)
[13:29:39] [main/INFO]: [bclib] Added Config bclib.recipes to auto sync (file hash)
[13:29:39] [main/INFO]: [bclib] Added Config bclib.biomes to auto sync (file hash)
[13:29:40] [main/INFO]: [bclib] Added Config betterend.entities to auto sync (file hash)
[13:29:40] [main/INFO]: [bclib] Added Config betterend.blocks to auto sync (file hash)
[13:29:40] [main/INFO]: [bclib] Added Config betterend.items to auto sync (file hash)
[13:29:40] [main/INFO]: [bclib] Added Config betterend.biomes to auto sync (file hash)
[13:29:40] [main/INFO]: [bclib] Added Config betterend.recipes to auto sync (file hash)
[13:29:40] [main/INFO]: [bclib] Added Config betterend.enchantments to auto sync (file hash)
[13:29:46] [main/INFO]: [betternether] =^..^=    BetterNether for 1.19    =^..^=
[13:29:46] [main/ERROR]: No data fixer registered for handcrafted
[13:29:47] [main/ERROR]: No data fixer registered for immersive_paintings:painting
[13:29:47] [main/ERROR]: No data fixer registered for immersive_paintings:glow_painting
[13:29:47] [main/ERROR]: No data fixer registered for immersive_paintings:graffiti
[13:29:47] [main/ERROR]: No data fixer registered for immersive_paintings:glow_graffiti
[13:29:47] [main/INFO]: [STDOUT]: /workspaces/codespaces-jupyter/Minecraft-server/config
[13:29:47] [main/INFO]: Environment: authHost='https://authserver.mojang.com', accountsHost='https://api.mojang.com', sessionHost='https://sessionserver.mojang.com', servicesHost='https://api.minecraftservices.com', name='PROD'
[13:29:47] [main/INFO]: [DataFixerAPI] Applying Patch{betternether:5.3.5:21020677}
[13:29:47] [main/INFO]: [bclib] Running Pre Patchers on ./world/.
[13:29:47] [main/WARN]: [bclib] Applying Fixes on Level
[13:29:47] [main/INFO]: [bclib] Patcher Stage... Reading Data%
[13:29:47] [main/INFO]: [bclib] Patcher Stage... Fixing Players%
[13:29:47] [main/INFO]: [DataFixerAPI] Inspecting ./world/./playerdata/6cccfe8b-276f-3d53-9194-4e9b303e31c1.dat
[13:29:47] [main/INFO]: [bclib] Patcher Stage... Applying Patches to level.dat%
[13:29:47] [main/INFO]: [DataFixerAPI] Inspecting level.dat in ./world/.
[13:29:47] [main/INFO]: [bclib] Patcher Stage... Patching Custom World-Data%
[13:29:47] [main/INFO]: [bclib] Patcher Stage... Repairing all Regions%
[13:29:47] [main/INFO]: [DataFixerAPI] Inspecting ./world/./poi/r.-1.-1.mca
[13:29:47] [ForkJoinPool.commonPool-worker-2/INFO]: [DataFixerAPI] Inspecting ./world/./entities/r.-1.0.mca
[13:29:47] [ForkJoinPool.commonPool-worker-1/INFO]: [DataFixerAPI] Inspecting ./world/./entities/r.-1.-1.mca
[13:29:47] [ForkJoinPool.commonPool-worker-3/INFO]: [DataFixerAPI] Inspecting ./world/./entities/r.0.0.mca
[13:29:47] [ForkJoinPool.commonPool-worker-1/INFO]: [DataFixerAPI] Inspecting ./world/./poi/r.-1.0.mca
[13:29:47] [main/INFO]: [DataFixerAPI] Inspecting ./world/./region/r.0.0.mca
[13:29:47] [ForkJoinPool.commonPool-worker-3/INFO]: [DataFixerAPI] Inspecting ./world/./entities/r.0.-1.mca
[13:29:47] [ForkJoinPool.commonPool-worker-2/INFO]: [DataFixerAPI] Inspecting ./world/./poi/r.0.0.mca
[13:29:47] [ForkJoinPool.commonPool-worker-1/INFO]: [DataFixerAPI] Inspecting ./world/./region/r.0.-1.mca
[13:29:47] [ForkJoinPool.commonPool-worker-2/INFO]: [DataFixerAPI] Inspecting ./world/./region/r.-1.0.mca
[13:29:47] [ForkJoinPool.commonPool-worker-3/INFO]: [DataFixerAPI] Inspecting ./world/./poi/r.0.-1.mca
[13:29:47] [ForkJoinPool.commonPool-worker-3/INFO]: [DataFixerAPI] Inspecting ./world/./region/r.-1.-1.mca
[13:29:48] [main/INFO]: [bclib] Patcher Stage... Saving Patch State%
[13:29:48] [main/INFO]: [DataFixerAPI] Updating Patch-Level for 'betternether' from 0.0.0 to 5.3.5
[13:29:49] [main/INFO]: [bclib] Updating Pickers for BCLib - The End  BiomeSource (39609583)
[13:29:49] [main/INFO]: [bclib] Unable to build Biome List yet
[13:29:49] [main/INFO]: [bclib] No Void Biomes found. Disabling by using barrens
[13:29:49] [main/INFO]: [bclib] No Barrens Biomes found. Disabling by using land Biomes
[13:29:49] [main/WARN]: [bclib] No Center Island Biomes found. Forcing use of vanilla center.
[13:29:49] [main/INFO]: [bclib] Updating Pickers for BCLib - Nether BiomeSource (8dd564b)
[13:29:49] [main/INFO]: [bclib] Unable to build Biome List yet
[13:29:50] [main/INFO]: [bclib] Updating Pickers for BCLib - The End  BiomeSource (2cbb42fb)
[13:29:50] [main/INFO]: [bclib] Unable to build Biome List yet
[13:29:50] [main/INFO]: [bclib] No Void Biomes found. Disabling by using barrens
[13:29:50] [main/INFO]: [bclib] No Barrens Biomes found. Disabling by using land Biomes
[13:29:50] [main/WARN]: [bclib] No Center Island Biomes found. Forcing use of vanilla center.
[13:29:50] [main/INFO]: [bclib] Updating Pickers for BCLib - Nether BiomeSource (7415178a)
[13:29:50] [main/INFO]: [bclib] Unable to build Biome List yet
[13:29:50] [main/INFO]: [bclib] Updating Pickers for BCLib - The End  BiomeSource (6b91ec07)
[13:29:50] [main/INFO]: [bclib] Unable to build Biome List yet
[13:29:50] [main/INFO]: [bclib] No Void Biomes found. Disabling by using barrens
[13:29:50] [main/INFO]: [bclib] No Barrens Biomes found. Disabling by using land Biomes
[13:29:50] [main/WARN]: [bclib] No Center Island Biomes found. Forcing use of vanilla center.
[13:29:50] [main/INFO]: [bclib] Updating Pickers for BCLib - Nether BiomeSource (26fc79d4)
[13:29:50] [main/INFO]: [bclib] Unable to build Biome List yet
[13:29:50] [main/INFO]: [bclib] Updating Pickers for BCLib - The End  BiomeSource (6d17ae2d)
[13:29:50] [main/INFO]: [bclib] Unable to build Biome List yet
[13:29:50] [main/INFO]: [bclib] No Void Biomes found. Disabling by using barrens
[13:29:50] [main/INFO]: [bclib] No Barrens Biomes found. Disabling by using land Biomes
[13:29:50] [main/WARN]: [bclib] No Center Island Biomes found. Forcing use of vanilla center.
[13:29:50] [main/INFO]: [bclib] Updating Pickers for BCLib - Nether BiomeSource (52e0de64)
[13:29:50] [main/INFO]: [bclib] Unable to build Biome List yet
[13:29:50] [main/INFO]: [betternether] Freeze Registry[ResourceKey[minecraft:root / worlds_together:worldgen/betterx/surface_rules] (Stable)]
[13:29:50] [main/INFO]: [betternether] Freeze Registry[ResourceKey[minecraft:root / worlds_together:worldgen/betterx/surface_rules] (Stable)]
[13:29:50] [main/INFO]: [betternether] Freeze Registry[ResourceKey[minecraft:root / worlds_together:worldgen/betterx/surface_rules] (Stable)]
[13:29:50] [main/INFO]: [betternether] Freeze Registry[ResourceKey[minecraft:root / worlds_together:worldgen/betterx/surface_rules] (Stable)]
[13:29:50] [main/WARN]: [bclib] No valid Biome Registry available!
[13:29:50] [main/ERROR]: [worlds_together] Tried to read from global registry!
[13:29:50] [main/ERROR]: [worlds_together] Tried to read from global registry!
[13:29:50] [main/ERROR]: [worlds_together] No valid registry found!
[13:29:50] [main/ERROR]: [worlds_together] Unable to parse Version in jar:file:///workspaces/codespaces-jupyter/Minecraft-server/mods/ctov-3.2.6c.jar
[13:29:50] [main/INFO]: [fabric-registry-sync] Loaded registry data [file 1/4]
[13:29:50] [main/INFO]: [bclib] Updating Pickers for BCLib - Nether BiomeSource (4ffc0ade)
[13:29:50] [main/INFO]: [bclib] Unable to build Biome List yet
[13:29:50] [main/INFO]: [bclib] Updating Pickers for BCLib - The End  BiomeSource (3e4896f7)
[13:29:50] [main/INFO]: [bclib] Unable to build Biome List yet
[13:29:50] [main/INFO]: [bclib] No Void Biomes found. Disabling by using barrens
[13:29:50] [main/INFO]: [bclib] No Barrens Biomes found. Disabling by using land Biomes
[13:29:50] [main/WARN]: [bclib] No Center Island Biomes found. Forcing use of vanilla center.
[13:29:50] [main/INFO]: [betternether] Freeze Registry[ResourceKey[minecraft:root / worlds_together:worldgen/betterx/surface_rules] (Stable)]
[13:29:50] [main/INFO]: [betternether] Freeze Registry[ResourceKey[minecraft:root / worlds_together:worldgen/betterx/surface_rules] (Stable)]
[13:29:51] [main/INFO]: Loaded 7 recipes
[13:29:51] [main/INFO]: Loaded 2686 advancements
[13:29:53] [main/INFO]: [bclib] Updating Pickers for BCLib - Nether BiomeSource (4fcbc672)
[13:29:53] [main/INFO]: [bclib] Updating Pickers for BCLib - The End  BiomeSource (2ba7f0ed)
[13:29:53] [main/INFO]: [bclib] Enforcing Correct Generator for minecraft:the_end.
[13:29:53] [main/INFO]: [bclib] Updating Pickers for BCLib - The End  BiomeSource (2ba7f0ed)
[13:29:53] [main/INFO]: [bclib] Enforcing Correct Generator for minecraft:the_nether.
[13:29:53] [main/INFO]: [bclib] Updating Pickers for BCLib - Nether BiomeSource (4fcbc672)
[13:29:53] [main/INFO]: [worlds_together] Loading originally configured Dimensions in World.
[13:29:53] [main/INFO]: [betternether] Freeze Registry[ResourceKey[minecraft:root / worlds_together:worldgen/betterx/surface_rules] (Stable)]
[13:29:53] [main/INFO]: Applied 0 biome modifications to 0 of 209 new biomes in 2.302 ms
[13:29:53] [Server thread/INFO]: Starting minecraft server version 1.19.3
[13:29:53] [Server thread/INFO]: Loading properties
[13:29:53] [Server thread/INFO]: Default game type: SURVIVAL
[13:29:53] [Server thread/INFO]: Generating keypair
[13:29:54] [Server thread/INFO]: Starting Minecraft server on *:25565
[13:29:54] [Server thread/INFO]: Using epoll channel type
[13:29:54] [Server thread/WARN]: **** SERVER IS RUNNING IN OFFLINE/INSECURE MODE!
[13:29:54] [Server thread/WARN]: The server will make no attempt to authenticate usernames. Beware.
[13:29:54] [Server thread/WARN]: While this makes the game possible to play without internet access, it also opens up the ability for hackers to connect with any username they choose.
[13:29:54] [Server thread/WARN]: To change this, set "online-mode" to "true" in the server.properties file.
[13:29:54] [Server thread/INFO]: [betternether] Freeze Registry[ResourceKey[minecraft:root / worlds_together:worldgen/betterx/surface_rules] (Stable)]
[13:29:54] [Server thread/INFO]: Preparing level "world"
[13:29:54] [Server thread/INFO]: [bclib] 
Apply Modifications for minecraft:the_end
    BCLib - The End  BiomeSource (2ba7f0ed)
        biomes     = 24
        namespaces = betterend, minecraft
        seed       = 0
        height     = 128
        deciders   = 1
        config     = BCLEndBiomeSourceConfig{mapVersion=hex, generatorVersion=paulevs, withVoidBiomes=true, innerVoidRadiusSquared=1048576, voidBiomesSize=256, centerBiomesSize=256, landBiomesSize=256, barrensBiomesSize=256}
[13:29:54] [Server thread/INFO]: [bclib] 
Apply Modifications for minecraft:overworld
    class_4766 (24fcfdea)
        biomes     = 145
        namespaces = minecraft, terralith
[13:29:54] [Server thread/INFO]: [bclib] 
Apply Modifications for minecraft:the_nether
    BCLib - Nether BiomeSource (4fcbc672)
        biomes     = 27
        namespaces = betternether, minecraft
        seed       = 0
        height     = 128
        config     = BCLibNetherBiomeSourceConfig{mapVersion=hex, useVerticalBiomes=true, amplified=false, biomeSize=256, biomeSizeVertical=86}
[13:29:54] [Server thread/INFO]: [bclib] World Dimensions: 
 - minecraft:the_end: 
     BCLib - Chunk Generator (4534d2b2) 
     BCLib - The End  BiomeSource (2ba7f0ed)
         biomes     = 24
         namespaces = betterend, minecraft
         seed       = 0
         height     = 128
         deciders   = 1
         config     = BCLEndBiomeSourceConfig{mapVersion=hex, generatorVersion=paulevs, withVoidBiomes=true, innerVoidRadiusSquared=1048576, voidBiomesSize=256, centerBiomesSize=256, landBiomesSize=256, barrensBiomesSize=256}
 - minecraft:overworld: 
     net.minecraft.class_3754@41fb2d5c 
     class_4766 (24fcfdea)
         biomes     = 145
         namespaces = minecraft, terralith
 - minecraft:the_nether: 
     BCLib - Chunk Generator (27fda5c7) 
     BCLib - Nether BiomeSource (4fcbc672)
         biomes     = 27
         namespaces = betternether, minecraft
         seed       = 0
         height     = 128
         config     = BCLibNetherBiomeSourceConfig{mapVersion=hex, useVerticalBiomes=true, amplified=false, biomeSize=256, biomeSizeVertical=86}
[13:29:57] [Server thread/INFO]: Preparing start region for dimension minecraft:overworld
[13:30:00] [Worker-Main-3/INFO]: Preparing spawn area: 0%
[13:30:00] [Worker-Main-3/INFO]: Preparing spawn area: 0%
[13:30:00] [Worker-Main-3/INFO]: Preparing spawn area: 0%
[13:30:00] [Worker-Main-3/INFO]: Preparing spawn area: 0%
[13:30:00] [Worker-Main-2/INFO]: Preparing spawn area: 0%
[13:30:00] [Worker-Main-2/INFO]: Preparing spawn area: 0%
[13:30:00] [Worker-Main-2/INFO]: Preparing spawn area: 0%
[13:30:00] [Worker-Main-2/INFO]: Preparing spawn area: 12%
[13:30:01] [Worker-Main-1/INFO]: Preparing spawn area: 45%
[13:30:01] [Server thread/INFO]: Time elapsed: 4303 ms
[13:30:01] [Server thread/INFO]: Done (7.240s)! For help, type "help"
[13:30:01] [Server thread/INFO]: UDP server is started on /[0:0:0:0:0:0:0:0]:25565
[13:30:11] [Server thread/INFO]: Repoio_Magico[/[0:0:0:0:0:0:0:1%0]:45502] logged in with entity id 287 at (-13.496203512937441, 70.0, 13.080396435611922)
[13:30:11] [Server thread/INFO]: [betternether] Freeze Registry[ResourceKey[minecraft:root / worlds_together:worldgen/betterx/surface_rules] (Stable)]
[13:30:11] [Server thread/INFO]: Repoio_Magico joined the game
[13:30:12] [Server thread/INFO]: [bclib] Received Hello from Client. (server=2.2.5, client=2.2.5)
[13:30:12] [Server thread/INFO]: [bclib] Sending Hello to Client. (server=2.2.5)
[13:30:12] [Server thread/INFO]: [bclib] 	- Listing Mod bclib v2.2.5 (size: 1981.9 KiB, download=true)
[13:30:12] [Server thread/INFO]: [bclib] 	- Listing Mod betternether v8.1.4 (size: 21.4 MiB, download=true)
[13:30:12] [Server thread/INFO]: [bclib] 	- Offering Config bclib.CONFIG_betternether.main
[13:30:12] [Server thread/INFO]: [bclib] 	- Offering Config bclib.CONFIG_betternether.generator
[13:30:12] [Server thread/INFO]: [bclib] 	- Offering Config bclib.CONFIG_betternether.blocks
[13:30:12] [Server thread/INFO]: [bclib] 	- Offering Config bclib.CONFIG_betternether.items
[13:30:12] [Server thread/INFO]: [bclib] 	- Offering Config bclib.CONFIG_betternether.biomes
[13:30:12] [Server thread/INFO]: [bclib] 	- Offering Config bclib.CONFIG_betternether.mobs
[13:30:12] [Server thread/INFO]: [bclib] 	- Offering Config bclib.CONFIG_betternether.recipes
[13:30:12] [Server thread/INFO]: [bclib] 	- Offering Config bclib.CONFIG_bclib.generator
[13:30:12] [Server thread/INFO]: [bclib] 	- Offering Config bclib.CONFIG_bclib.main
[13:30:12] [Server thread/INFO]: [bclib] 	- Offering Config bclib.CONFIG_bclib.recipes
[13:30:12] [Server thread/INFO]: [bclib] 	- Offering Config bclib.CONFIG_bclib.biomes
[13:30:12] [Server thread/INFO]: [bclib] 	- Offering Config bclib.CONFIG_betterend.entities
[13:30:12] [Server thread/INFO]: [bclib] 	- Offering Config bclib.CONFIG_betterend.blocks
[13:30:12] [Server thread/INFO]: [bclib] 	- Offering Config bclib.CONFIG_betterend.items
[13:30:12] [Server thread/INFO]: [bclib] 	- Offering Config bclib.CONFIG_betterend.recipes
[13:30:12] [Server thread/INFO]: [bclib] 	- Offering Config bclib.CONFIG_betterend.enchantments
[13:30:12] [Server thread/INFO]: [bclib] 	- Offering Folder /workspaces/codespaces-jupyter/Minecraft-server/bclib-sync (allowDelete=true)
[13:30:49] [Netty Epoll Server IO #1/INFO]: [bclib] Client requested 1 Files:
[13:30:49] [Netty Epoll Server IO #1/INFO]: [bclib] 	- bclib.CONFIG_betternether.biomes
[13:30:49] [Server thread/INFO]: [bclib] Sending 1 Files to Client:
[13:30:49] [Server thread/INFO]: [bclib] 	- bclib.CONFIG_betternether.biomes (3.5 KiB)
[13:30:52] [Server thread/INFO]: Repoio_Magico lost connection: Disconnected
[13:30:52] [Server thread/INFO]: Repoio_Magico left the game
[13:34:13] [Server thread/INFO]: com.mojang.authlib.GameProfile@7278633c[id=<null>,name=Repoio_Magico,properties={},legacy=false] (/[0:0:0:0:0:0:0:1%0]:56280) lost connection: Disconnected
[13:34:18] [Server thread/INFO]: Repoio_Magico[/[0:0:0:0:0:0:0:1%0]:60602] logged in with entity id 451 at (-13.496203512937441, 70.0, 13.080396435611922)
[13:34:18] [Server thread/INFO]: [betternether] Freeze Registry[ResourceKey[minecraft:root / worlds_together:worldgen/betterx/surface_rules] (Stable)]
[13:34:18] [Server thread/INFO]: Repoio_Magico joined the game
[13:34:18] [Server thread/INFO]: [bclib] Received Hello from Client. (server=2.2.5, client=2.2.5)
[13:34:18] [Server thread/INFO]: [bclib] Sending Hello to Client. (server=2.2.5)
[13:34:18] [Server thread/INFO]: [bclib] 	- Listing Mod bclib v2.2.5 (size: 1981.9 KiB, download=true)
[13:34:18] [Server thread/INFO]: [bclib] 	- Listing Mod betternether v8.1.4 (size: 21.4 MiB, download=true)
[13:34:18] [Server thread/INFO]: [bclib] 	- Offering Config bclib.CONFIG_betternether.main
[13:34:18] [Server thread/INFO]: [bclib] 	- Offering Config bclib.CONFIG_betternether.generator
[13:34:18] [Server thread/INFO]: [bclib] 	- Offering Config bclib.CONFIG_betternether.blocks
[13:34:18] [Server thread/INFO]: [bclib] 	- Offering Config bclib.CONFIG_betternether.items
[13:34:18] [Server thread/INFO]: [bclib] 	- Offering Config bclib.CONFIG_betternether.biomes
[13:34:18] [Server thread/INFO]: [bclib] 	- Offering Config bclib.CONFIG_betternether.mobs
[13:34:18] [Server thread/INFO]: [bclib] 	- Offering Config bclib.CONFIG_betternether.recipes
[13:34:18] [Server thread/INFO]: [bclib] 	- Offering Config bclib.CONFIG_bclib.generator
[13:34:18] [Server thread/INFO]: [bclib] 	- Offering Config bclib.CONFIG_bclib.main
[13:34:18] [Server thread/INFO]: [bclib] 	- Offering Config bclib.CONFIG_bclib.recipes
[13:34:18] [Server thread/INFO]: [bclib] 	- Offering Config bclib.CONFIG_bclib.biomes
[13:34:18] [Server thread/INFO]: [bclib] 	- Offering Config bclib.CONFIG_betterend.entities
[13:34:18] [Server thread/INFO]: [bclib] 	- Offering Config bclib.CONFIG_betterend.blocks
[13:34:18] [Server thread/INFO]: [bclib] 	- Offering Config bclib.CONFIG_betterend.items
[13:34:18] [Server thread/INFO]: [bclib] 	- Offering Config bclib.CONFIG_betterend.recipes
[13:34:18] [Server thread/INFO]: [bclib] 	- Offering Config bclib.CONFIG_betterend.enchantments
[13:34:18] [Server thread/INFO]: [bclib] 	- Offering Folder /workspaces/codespaces-jupyter/Minecraft-server/bclib-sync (allowDelete=true)
[13:35:49] [Server thread/INFO]: Repoio_Magico lost connection: Disconnected
[13:35:49] [Server thread/INFO]: Repoio_Magico left the game
